{"F:\\Desktop\\Dev\\KanaTrainer\\src\\utils.ts": {"path":"F:\\Desktop\\Dev\\KanaTrainer\\src\\utils.ts","statementMap":{"0":{"start":{"line":1,"column":0},"end":{"line":1,"column":null}},"1":{"start":{"line":2,"column":0},"end":{"line":2,"column":null}},"2":{"start":{"line":7,"column":14},"end":{"line":7,"column":20}},"3":{"start":{"line":8,"column":19},"end":{"line":8,"column":24}},"4":{"start":{"line":9,"column":1},"end":{"line":9,"column":8}},"5":{"start":{"line":18,"column":13},"end":{"line":18,"column":23}},"6":{"start":{"line":19,"column":13},"end":{"line":19,"column":23}},"7":{"start":{"line":20,"column":1},"end":{"line":25,"column":null}},"8":{"start":{"line":21,"column":15},"end":{"line":21,"column":26}},"9":{"start":{"line":24,"column":2},"end":{"line":24,"column":9}},"10":{"start":{"line":26,"column":1},"end":{"line":26,"column":8}},"11":{"start":{"line":34,"column":20},"end":{"line":34,"column":null}},"12":{"start":{"line":35,"column":1},"end":{"line":37,"column":null}},"13":{"start":{"line":36,"column":2},"end":{"line":36,"column":9}},"14":{"start":{"line":38,"column":1},"end":{"line":40,"column":null}},"15":{"start":{"line":39,"column":2},"end":{"line":39,"column":9}},"16":{"start":{"line":41,"column":1},"end":{"line":43,"column":null}},"17":{"start":{"line":42,"column":2},"end":{"line":42,"column":9}},"18":{"start":{"line":44,"column":1},"end":{"line":44,"column":8}}},"fnMap":{"0":{"name":"getRandomKana","decl":{"start":{"line":4,"column":9},"end":{"line":4,"column":null}},"loc":{"start":{"line":5,"column":35},"end":{"line":10,"column":null}}},"1":{"name":"compareCanvas","decl":{"start":{"line":12,"column":9},"end":{"line":12,"column":null}},"loc":{"start":{"line":16,"column":15},"end":{"line":27,"column":null}}},"2":{"name":"getDrawingResult","decl":{"start":{"line":29,"column":9},"end":{"line":29,"column":null}},"loc":{"start":{"line":32,"column":23},"end":{"line":45,"column":null}}}},"branchMap":{"0":{"loc":{"start":{"line":5,"column":29},"end":{"line":5,"column":35}},"type":"default-arg","locations":[{"start":{"line":5,"column":29},"end":{"line":5,"column":35}}]},"1":{"loc":{"start":{"line":18,"column":13},"end":{"line":18,"column":16}},"type":"cond-expr","locations":[{"start":{"line":18,"column":13},"end":{"line":18,"column":16}},{"start":{"line":18,"column":16},"end":{"line":18,"column":23}}]},"2":{"loc":{"start":{"line":18,"column":13},"end":{"line":18,"column":16}},"type":"binary-expr","locations":[{"start":{"line":18,"column":13},"end":{"line":18,"column":16}},{"start":{"line":18,"column":13},"end":{"line":18,"column":16}}]},"3":{"loc":{"start":{"line":19,"column":13},"end":{"line":19,"column":16}},"type":"cond-expr","locations":[{"start":{"line":19,"column":13},"end":{"line":19,"column":16}},{"start":{"line":19,"column":16},"end":{"line":19,"column":23}}]},"4":{"loc":{"start":{"line":19,"column":13},"end":{"line":19,"column":16}},"type":"binary-expr","locations":[{"start":{"line":19,"column":13},"end":{"line":19,"column":16}},{"start":{"line":19,"column":13},"end":{"line":19,"column":16}}]},"5":{"loc":{"start":{"line":20,"column":1},"end":{"line":25,"column":null}},"type":"if","locations":[{"start":{"line":20,"column":1},"end":{"line":25,"column":null}},{"start":{"line":20,"column":1},"end":{"line":25,"column":null}}]},"6":{"loc":{"start":{"line":20,"column":5},"end":{"line":20,"column":11}},"type":"binary-expr","locations":[{"start":{"line":20,"column":5},"end":{"line":20,"column":11}},{"start":{"line":20,"column":15},"end":{"line":20,"column":23}}]},"7":{"loc":{"start":{"line":32,"column":21},"end":{"line":32,"column":23}},"type":"default-arg","locations":[{"start":{"line":32,"column":21},"end":{"line":32,"column":23}}]},"8":{"loc":{"start":{"line":35,"column":1},"end":{"line":37,"column":null}},"type":"if","locations":[{"start":{"line":35,"column":1},"end":{"line":37,"column":null}},{"start":{"line":35,"column":1},"end":{"line":37,"column":null}}]},"9":{"loc":{"start":{"line":38,"column":1},"end":{"line":40,"column":null}},"type":"if","locations":[{"start":{"line":38,"column":1},"end":{"line":40,"column":null}},{"start":{"line":38,"column":1},"end":{"line":40,"column":null}}]},"10":{"loc":{"start":{"line":41,"column":1},"end":{"line":43,"column":null}},"type":"if","locations":[{"start":{"line":41,"column":1},"end":{"line":43,"column":null}},{"start":{"line":41,"column":1},"end":{"line":43,"column":null}}]}},"s":{"0":2,"1":2,"2":7,"3":7,"4":7,"5":5,"6":5,"7":5,"8":2,"9":2,"10":3,"11":5,"12":5,"13":1,"14":4,"15":1,"16":3,"17":1,"18":2},"f":{"0":7,"1":5,"2":5},"b":{"0":[1],"1":[3,2],"2":[5,5],"3":[2,3],"4":[5,5],"5":[2,3],"6":[5,2],"7":[1],"8":[1,4],"9":[1,3],"10":[1,2]}}
,"F:\\Desktop\\Dev\\KanaTrainer\\src\\components\\DrawableCanvas.vue": {"path":"F:\\Desktop\\Dev\\KanaTrainer\\src\\components\\DrawableCanvas.vue","statementMap":{"0":{"start":{"line":20,"column":0},"end":{"line":20,"column":null}},"1":{"start":{"line":37,"column":0},"end":{"line":37,"column":null}},"2":{"start":{"line":46,"column":0},"end":{"line":46,"column":null}},"3":{"start":{"line":47,"column":0},"end":{"line":47,"column":null}},"4":{"start":{"line":48,"column":0},"end":{"line":48,"column":null}},"5":{"start":{"line":51,"column":0},"end":{"line":51,"column":null}},"6":{"start":{"line":54,"column":0},"end":{"line":54,"column":null}},"7":{"start":{"line":55,"column":0},"end":{"line":55,"column":null}},"8":{"start":{"line":58,"column":0},"end":{"line":58,"column":null}},"9":{"start":{"line":59,"column":0},"end":{"line":68,"column":null}},"10":{"start":{"line":60,"column":0},"end":{"line":60,"column":null}},"11":{"start":{"line":61,"column":0},"end":{"line":61,"column":null}},"12":{"start":{"line":62,"column":0},"end":{"line":62,"column":null}},"13":{"start":{"line":63,"column":0},"end":{"line":63,"column":null}},"14":{"start":{"line":64,"column":0},"end":{"line":64,"column":null}},"15":{"start":{"line":65,"column":0},"end":{"line":65,"column":null}},"16":{"start":{"line":66,"column":0},"end":{"line":66,"column":null}},"17":{"start":{"line":67,"column":0},"end":{"line":67,"column":null}},"18":{"start":{"line":71,"column":0},"end":{"line":71,"column":null}},"19":{"start":{"line":75,"column":0},"end":{"line":75,"column":null}},"20":{"start":{"line":79,"column":0},"end":{"line":79,"column":null}},"21":{"start":{"line":82,"column":0},"end":{"line":82,"column":null}}},"fnMap":{"0":{"name":"(anonymous_1)","decl":{"start":{"line":31,"column":0},"end":{"line":31,"column":null}},"loc":{"start":{"line":31,"column":0},"end":{"line":43,"column":null}}},"1":{"name":"(anonymous_2)","decl":{"start":{"line":45,"column":0},"end":{"line":45,"column":null}},"loc":{"start":{"line":45,"column":0},"end":{"line":49,"column":null}}},"2":{"name":"(anonymous_3)","decl":{"start":{"line":50,"column":0},"end":{"line":50,"column":null}},"loc":{"start":{"line":50,"column":0},"end":{"line":52,"column":null}}},"3":{"name":"(anonymous_4)","decl":{"start":{"line":53,"column":0},"end":{"line":53,"column":null}},"loc":{"start":{"line":53,"column":0},"end":{"line":56,"column":null}}},"4":{"name":"(anonymous_5)","decl":{"start":{"line":57,"column":0},"end":{"line":57,"column":null}},"loc":{"start":{"line":57,"column":0},"end":{"line":69,"column":null}}},"5":{"name":"(anonymous_6)","decl":{"start":{"line":70,"column":0},"end":{"line":70,"column":null}},"loc":{"start":{"line":70,"column":0},"end":{"line":76,"column":null}}},"6":{"name":"(anonymous_7)","decl":{"start":{"line":78,"column":0},"end":{"line":78,"column":null}},"loc":{"start":{"line":78,"column":0},"end":{"line":83,"column":null}}}},"branchMap":{"0":{"loc":{"start":{"line":59,"column":0},"end":{"line":68,"column":null}},"type":"if","locations":[{"start":{"line":59,"column":0},"end":{"line":68,"column":null}},{"start":{"line":59,"column":0},"end":{"line":68,"column":null}}]},"1":{"loc":{"start":{"line":59,"column":0},"end":{"line":59,"column":null}},"type":"binary-expr","locations":[{"start":{"line":59,"column":0},"end":{"line":59,"column":null}},{"start":{"line":59,"column":0},"end":{"line":59,"column":null}}]}},"s":{"0":3,"1":8,"2":4,"3":4,"4":4,"5":3,"6":1,"7":1,"8":4,"9":4,"10":3,"11":3,"12":3,"13":3,"14":3,"15":3,"16":3,"17":3,"18":1,"19":1,"20":8,"21":8},"f":{"0":8,"1":4,"2":3,"3":1,"4":4,"5":1,"6":8},"b":{"0":[3,1],"1":[4,4]}}
,"F:\\Desktop\\Dev\\KanaTrainer\\src\\components\\Drawer.vue": {"path":"F:\\Desktop\\Dev\\KanaTrainer\\src\\components\\Drawer.vue","statementMap":{"0":{"start":{"line":21,"column":0},"end":{"line":21,"column":null}},"1":{"start":{"line":22,"column":0},"end":{"line":22,"column":null}},"2":{"start":{"line":23,"column":0},"end":{"line":23,"column":null}},"3":{"start":{"line":40,"column":0},"end":{"line":40,"column":null}},"4":{"start":{"line":46,"column":0},"end":{"line":51,"column":null}},"5":{"start":{"line":50,"column":0},"end":{"line":50,"column":null}},"6":{"start":{"line":54,"column":0},"end":{"line":54,"column":null}},"7":{"start":{"line":55,"column":0},"end":{"line":55,"column":null}},"8":{"start":{"line":56,"column":0},"end":{"line":69,"column":null}},"9":{"start":{"line":57,"column":0},"end":{"line":57,"column":null}},"10":{"start":{"line":59,"column":0},"end":{"line":67,"column":null}},"11":{"start":{"line":60,"column":0},"end":{"line":60,"column":null}},"12":{"start":{"line":61,"column":0},"end":{"line":61,"column":null}},"13":{"start":{"line":64,"column":0},"end":{"line":66,"column":null}},"14":{"start":{"line":65,"column":0},"end":{"line":65,"column":null}},"15":{"start":{"line":68,"column":0},"end":{"line":68,"column":null}},"16":{"start":{"line":72,"column":0},"end":{"line":72,"column":null}},"17":{"start":{"line":73,"column":0},"end":{"line":73,"column":null}},"18":{"start":{"line":74,"column":0},"end":{"line":76,"column":null}},"19":{"start":{"line":75,"column":0},"end":{"line":75,"column":null}},"20":{"start":{"line":77,"column":0},"end":{"line":77,"column":null}},"21":{"start":{"line":82,"column":0},"end":{"line":82,"column":null}}},"fnMap":{"0":{"name":"(anonymous_1)","decl":{"start":{"line":37,"column":0},"end":{"line":37,"column":null}},"loc":{"start":{"line":37,"column":0},"end":{"line":43,"column":null}}},"1":{"name":"(anonymous_2)","decl":{"start":{"line":45,"column":0},"end":{"line":45,"column":null}},"loc":{"start":{"line":45,"column":0},"end":{"line":52,"column":null}}},"2":{"name":"(anonymous_3)","decl":{"start":{"line":53,"column":0},"end":{"line":53,"column":null}},"loc":{"start":{"line":53,"column":0},"end":{"line":70,"column":null}}},"3":{"name":"(anonymous_4)","decl":{"start":{"line":64,"column":0},"end":{"line":64,"column":null}},"loc":{"start":{"line":64,"column":0},"end":{"line":66,"column":null}}},"4":{"name":"(anonymous_5)","decl":{"start":{"line":71,"column":0},"end":{"line":71,"column":null}},"loc":{"start":{"line":71,"column":0},"end":{"line":78,"column":null}}},"5":{"name":"(anonymous_6)","decl":{"start":{"line":81,"column":0},"end":{"line":81,"column":null}},"loc":{"start":{"line":81,"column":0},"end":{"line":83,"column":null}}}},"branchMap":{"0":{"loc":{"start":{"line":46,"column":0},"end":{"line":51,"column":null}},"type":"if","locations":[{"start":{"line":46,"column":0},"end":{"line":51,"column":null}},{"start":{"line":46,"column":0},"end":{"line":51,"column":null}}]},"1":{"loc":{"start":{"line":56,"column":0},"end":{"line":69,"column":null}},"type":"if","locations":[{"start":{"line":56,"column":0},"end":{"line":69,"column":null}},{"start":{"line":56,"column":0},"end":{"line":69,"column":null}}]},"2":{"loc":{"start":{"line":59,"column":0},"end":{"line":67,"column":null}},"type":"if","locations":[{"start":{"line":59,"column":0},"end":{"line":67,"column":null}},{"start":{"line":59,"column":0},"end":{"line":67,"column":null}}]},"3":{"loc":{"start":{"line":65,"column":0},"end":{"line":65,"column":null}},"type":"cond-expr","locations":[{"start":{"line":65,"column":0},"end":{"line":65,"column":null}},{"start":{"line":65,"column":0},"end":{"line":65,"column":null}}]},"4":{"loc":{"start":{"line":74,"column":0},"end":{"line":76,"column":null}},"type":"if","locations":[{"start":{"line":74,"column":0},"end":{"line":76,"column":null}},{"start":{"line":74,"column":0},"end":{"line":76,"column":null}}]}},"s":{"0":2,"1":2,"2":2,"3":5,"4":1,"5":1,"6":1,"7":1,"8":1,"9":1,"10":1,"11":0,"12":0,"13":0,"14":0,"15":1,"16":3,"17":3,"18":3,"19":3,"20":3,"21":3},"f":{"0":5,"1":1,"2":1,"3":0,"4":3,"5":3},"b":{"0":[1,0],"1":[1,0],"2":[0,1],"3":[0,0],"4":[3,0]}}
,"F:\\Desktop\\Dev\\KanaTrainer\\src\\components\\ModelCanvas.vue": {"path":"F:\\Desktop\\Dev\\KanaTrainer\\src\\components\\ModelCanvas.vue","statementMap":{"0":{"start":{"line":16,"column":0},"end":{"line":16,"column":null}},"1":{"start":{"line":30,"column":0},"end":{"line":30,"column":null}},"2":{"start":{"line":36,"column":0},"end":{"line":36,"column":null}},"3":{"start":{"line":40,"column":0},"end":{"line":44,"column":null}},"4":{"start":{"line":41,"column":0},"end":{"line":41,"column":null}},"5":{"start":{"line":42,"column":0},"end":{"line":42,"column":null}},"6":{"start":{"line":43,"column":0},"end":{"line":43,"column":null}},"7":{"start":{"line":48,"column":0},"end":{"line":48,"column":null}},"8":{"start":{"line":51,"column":0},"end":{"line":51,"column":null}},"9":{"start":{"line":54,"column":0},"end":{"line":54,"column":null}},"10":{"start":{"line":55,"column":0},"end":{"line":55,"column":null}}},"fnMap":{"0":{"name":"(anonymous_1)","decl":{"start":{"line":29,"column":0},"end":{"line":29,"column":null}},"loc":{"start":{"line":29,"column":0},"end":{"line":31,"column":null}}},"1":{"name":"(anonymous_2)","decl":{"start":{"line":33,"column":0},"end":{"line":33,"column":null}},"loc":{"start":{"line":33,"column":0},"end":{"line":37,"column":null}}},"2":{"name":"(anonymous_3)","decl":{"start":{"line":39,"column":0},"end":{"line":39,"column":null}},"loc":{"start":{"line":39,"column":0},"end":{"line":45,"column":null}}},"3":{"name":"(anonymous_4)","decl":{"start":{"line":47,"column":0},"end":{"line":47,"column":null}},"loc":{"start":{"line":47,"column":0},"end":{"line":49,"column":null}}},"4":{"name":"(anonymous_5)","decl":{"start":{"line":50,"column":0},"end":{"line":50,"column":null}},"loc":{"start":{"line":50,"column":0},"end":{"line":56,"column":null}}}},"branchMap":{"0":{"loc":{"start":{"line":40,"column":0},"end":{"line":44,"column":null}},"type":"if","locations":[{"start":{"line":40,"column":0},"end":{"line":44,"column":null}},{"start":{"line":40,"column":0},"end":{"line":44,"column":null}}]}},"s":{"0":3,"1":3,"2":6,"3":9,"4":9,"5":9,"6":9,"7":0,"8":6,"9":6,"10":6},"f":{"0":3,"1":6,"2":9,"3":0,"4":6},"b":{"0":[9,0]}}
,"F:\\Desktop\\Dev\\KanaTrainer\\src\\screens\\DrawingTraining.vue": {"path":"F:\\Desktop\\Dev\\KanaTrainer\\src\\screens\\DrawingTraining.vue","statementMap":{"0":{"start":{"line":31,"column":0},"end":{"line":31,"column":null}},"1":{"start":{"line":32,"column":0},"end":{"line":32,"column":null}},"2":{"start":{"line":33,"column":0},"end":{"line":33,"column":null}},"3":{"start":{"line":47,"column":0},"end":{"line":47,"column":null}},"4":{"start":{"line":56,"column":0},"end":{"line":56,"column":null}},"5":{"start":{"line":62,"column":0},"end":{"line":68,"column":null}},"6":{"start":{"line":63,"column":0},"end":{"line":63,"column":null}},"7":{"start":{"line":64,"column":0},"end":{"line":64,"column":null}},"8":{"start":{"line":66,"column":0},"end":{"line":66,"column":null}},"9":{"start":{"line":67,"column":0},"end":{"line":67,"column":null}},"10":{"start":{"line":69,"column":0},"end":{"line":69,"column":null}},"11":{"start":{"line":73,"column":0},"end":{"line":73,"column":null}},"12":{"start":{"line":79,"column":0},"end":{"line":79,"column":null}},"13":{"start":{"line":85,"column":0},"end":{"line":85,"column":null}},"14":{"start":{"line":91,"column":0},"end":{"line":91,"column":null}},"15":{"start":{"line":95,"column":0},"end":{"line":95,"column":null}}},"fnMap":{"0":{"name":"(anonymous_1)","decl":{"start":{"line":41,"column":0},"end":{"line":41,"column":null}},"loc":{"start":{"line":41,"column":0},"end":{"line":53,"column":null}}},"1":{"name":"(anonymous_2)","decl":{"start":{"line":55,"column":0},"end":{"line":55,"column":null}},"loc":{"start":{"line":55,"column":0},"end":{"line":57,"column":null}}},"2":{"name":"(anonymous_3)","decl":{"start":{"line":61,"column":0},"end":{"line":61,"column":null}},"loc":{"start":{"line":61,"column":0},"end":{"line":70,"column":null}}},"3":{"name":"(anonymous_4)","decl":{"start":{"line":71,"column":0},"end":{"line":71,"column":null}},"loc":{"start":{"line":71,"column":0},"end":{"line":83,"column":null}}},"4":{"name":"(anonymous_5)","decl":{"start":{"line":84,"column":0},"end":{"line":84,"column":null}},"loc":{"start":{"line":84,"column":0},"end":{"line":92,"column":null}}},"5":{"name":"(anonymous_6)","decl":{"start":{"line":94,"column":0},"end":{"line":94,"column":null}},"loc":{"start":{"line":94,"column":0},"end":{"line":101,"column":null}}}},"branchMap":{"0":{"loc":{"start":{"line":62,"column":0},"end":{"line":68,"column":null}},"type":"if","locations":[{"start":{"line":62,"column":0},"end":{"line":68,"column":null}},{"start":{"line":62,"column":0},"end":{"line":68,"column":null}}]}},"s":{"0":1,"1":1,"2":1,"3":3,"4":6,"5":1,"6":1,"7":1,"8":0,"9":0,"10":1,"11":1,"12":1,"13":1,"14":1,"15":3},"f":{"0":3,"1":6,"2":1,"3":1,"4":1,"5":3},"b":{"0":[1,0]}}
}
