TN:
SF:src\utils.ts
FN:4,getRandomKana
FN:12,compareCanvas
FN:29,getDrawingResult
FNF:3
FNH:3
FNDA:7,getRandomKana
FNDA:5,compareCanvas
FNDA:5,getDrawingResult
DA:1,2
DA:2,2
DA:7,7
DA:8,7
DA:9,7
DA:18,5
DA:19,5
DA:20,5
DA:21,2
DA:24,2
DA:26,3
DA:34,5
DA:35,5
DA:36,1
DA:38,4
DA:39,1
DA:41,3
DA:42,1
DA:44,2
LF:19
LH:19
BRDA:5,0,0,1
BRDA:18,1,0,3
BRDA:18,1,1,2
BRDA:18,2,0,5
BRDA:18,2,1,5
BRDA:19,3,0,2
BRDA:19,3,1,3
BRDA:19,4,0,5
BRDA:19,4,1,5
BRDA:20,5,0,2
BRDA:20,5,1,3
BRDA:20,6,0,5
BRDA:20,6,1,2
BRDA:32,7,0,1
BRDA:35,8,0,1
BRDA:35,8,1,4
BRDA:38,9,0,1
BRDA:38,9,1,3
BRDA:41,10,0,1
BRDA:41,10,1,2
BRF:20
BRH:20
end_of_record
TN:
SF:src\components\DrawableCanvas.vue
FN:31,(anonymous_1)
FN:45,(anonymous_2)
FN:50,(anonymous_3)
FN:53,(anonymous_4)
FN:57,(anonymous_5)
FN:70,(anonymous_6)
FN:78,(anonymous_7)
FNF:7
FNH:7
FNDA:8,(anonymous_1)
FNDA:4,(anonymous_2)
FNDA:3,(anonymous_3)
FNDA:1,(anonymous_4)
FNDA:4,(anonymous_5)
FNDA:1,(anonymous_6)
FNDA:8,(anonymous_7)
DA:20,3
DA:37,8
DA:46,4
DA:47,4
DA:48,4
DA:51,3
DA:54,1
DA:55,1
DA:58,4
DA:59,4
DA:60,3
DA:61,3
DA:62,3
DA:63,3
DA:64,3
DA:65,3
DA:66,3
DA:67,3
DA:71,1
DA:75,1
DA:79,8
DA:82,8
LF:22
LH:22
BRDA:59,0,0,3
BRDA:59,0,1,1
BRDA:59,1,0,4
BRDA:59,1,1,4
BRF:4
BRH:4
end_of_record
TN:
SF:src\components\Drawer.vue
FN:37,(anonymous_1)
FN:45,(anonymous_2)
FN:53,(anonymous_3)
FN:64,(anonymous_4)
FN:71,(anonymous_5)
FN:81,(anonymous_6)
FNF:6
FNH:5
FNDA:5,(anonymous_1)
FNDA:1,(anonymous_2)
FNDA:1,(anonymous_3)
FNDA:0,(anonymous_4)
FNDA:3,(anonymous_5)
FNDA:3,(anonymous_6)
DA:21,2
DA:22,2
DA:23,2
DA:40,5
DA:46,1
DA:50,1
DA:54,1
DA:55,1
DA:56,1
DA:57,1
DA:59,1
DA:60,0
DA:61,0
DA:64,0
DA:65,0
DA:68,1
DA:72,3
DA:73,3
DA:74,3
DA:75,3
DA:77,3
DA:82,3
LF:22
LH:18
BRDA:46,0,0,1
BRDA:46,0,1,0
BRDA:56,1,0,1
BRDA:56,1,1,0
BRDA:59,2,0,0
BRDA:59,2,1,1
BRDA:65,3,0,0
BRDA:65,3,1,0
BRDA:74,4,0,3
BRDA:74,4,1,0
BRF:10
BRH:4
end_of_record
TN:
SF:src\components\ModelCanvas.vue
FN:29,(anonymous_1)
FN:33,(anonymous_2)
FN:39,(anonymous_3)
FN:47,(anonymous_4)
FN:50,(anonymous_5)
FNF:5
FNH:4
FNDA:3,(anonymous_1)
FNDA:6,(anonymous_2)
FNDA:9,(anonymous_3)
FNDA:0,(anonymous_4)
FNDA:6,(anonymous_5)
DA:16,3
DA:30,3
DA:36,6
DA:40,9
DA:41,9
DA:42,9
DA:43,9
DA:48,0
DA:51,6
DA:54,6
DA:55,6
LF:11
LH:10
BRDA:40,0,0,9
BRDA:40,0,1,0
BRF:2
BRH:1
end_of_record
TN:
SF:src\screens\DrawingTraining.vue
FN:41,(anonymous_1)
FN:55,(anonymous_2)
FN:61,(anonymous_3)
FN:71,(anonymous_4)
FN:84,(anonymous_5)
FN:94,(anonymous_6)
FNF:6
FNH:6
FNDA:3,(anonymous_1)
FNDA:6,(anonymous_2)
FNDA:1,(anonymous_3)
FNDA:1,(anonymous_4)
FNDA:1,(anonymous_5)
FNDA:3,(anonymous_6)
DA:31,1
DA:32,1
DA:33,1
DA:47,3
DA:56,6
DA:62,1
DA:63,1
DA:64,1
DA:66,0
DA:67,0
DA:69,1
DA:73,1
DA:79,1
DA:85,1
DA:91,1
DA:95,3
LF:16
LH:14
BRDA:62,0,0,1
BRDA:62,0,1,0
BRF:2
BRH:1
end_of_record
