TN:
SF:src\utils.ts
FN:4,getRandomKana
FN:12,compareCanvas
FN:29,getDrawingResult
FNF:3
FNH:3
FNDA:9,getRandomKana
FNDA:5,compareCanvas
FNDA:5,getDrawingResult
DA:1,2
DA:2,2
DA:7,9
DA:8,9
DA:9,9
DA:18,5
DA:19,5
DA:20,5
DA:21,2
DA:24,2
DA:26,3
DA:34,5
DA:35,5
DA:36,1
DA:38,4
DA:39,1
DA:41,3
DA:42,1
DA:44,2
LF:19
LH:19
BRDA:5,0,0,1
BRDA:18,1,0,3
BRDA:18,1,1,2
BRDA:18,2,0,5
BRDA:18,2,1,5
BRDA:19,3,0,2
BRDA:19,3,1,3
BRDA:19,4,0,5
BRDA:19,4,1,5
BRDA:20,5,0,2
BRDA:20,5,1,3
BRDA:20,6,0,5
BRDA:20,6,1,2
BRDA:32,7,0,1
BRDA:35,8,0,1
BRDA:35,8,1,4
BRDA:38,9,0,1
BRDA:38,9,1,3
BRDA:41,10,0,1
BRDA:41,10,1,2
BRF:20
BRH:20
end_of_record
TN:
SF:src\components\DrawableCanvas.vue
FN:33,(anonymous_1)
FN:47,(anonymous_2)
FN:52,(anonymous_3)
FN:55,(anonymous_4)
FN:59,(anonymous_5)
FN:72,(anonymous_6)
FN:80,(anonymous_7)
FNF:7
FNH:5
FNDA:8,(anonymous_1)
FNDA:4,(anonymous_2)
FNDA:3,(anonymous_3)
FNDA:0,(anonymous_4)
FNDA:4,(anonymous_5)
FNDA:0,(anonymous_6)
FNDA:8,(anonymous_7)
DA:22,2
DA:39,8
DA:48,4
DA:49,4
DA:50,4
DA:53,3
DA:56,0
DA:57,0
DA:60,4
DA:61,4
DA:62,3
DA:63,3
DA:64,3
DA:65,3
DA:66,3
DA:67,3
DA:68,3
DA:69,3
DA:73,0
DA:77,0
DA:81,8
DA:84,8
LF:22
LH:18
BRDA:61,0,0,3
BRDA:61,0,1,1
BRDA:61,1,0,4
BRDA:61,1,1,4
BRF:4
BRH:4
end_of_record
TN:
SF:src\components\ModelCanvas.vue
FN:29,(anonymous_1)
FN:33,(anonymous_2)
FN:39,(anonymous_3)
FN:47,(anonymous_4)
FN:50,(anonymous_5)
FNF:5
FNH:4
FNDA:3,(anonymous_1)
FNDA:6,(anonymous_2)
FNDA:9,(anonymous_3)
FNDA:0,(anonymous_4)
FNDA:6,(anonymous_5)
DA:16,2
DA:30,3
DA:36,6
DA:40,9
DA:41,9
DA:42,9
DA:43,9
DA:48,0
DA:51,6
DA:54,6
DA:55,6
LF:11
LH:10
BRDA:40,0,0,9
BRDA:40,0,1,0
BRF:2
BRH:1
end_of_record
TN:
SF:src\screens\DrawingTraining.vue
FN:49,(anonymous_1)
FN:65,(anonymous_2)
FN:71,(anonymous_3)
FN:81,(anonymous_4)
FN:94,(anonymous_5)
FN:102,(anonymous_6)
FN:113,(anonymous_7)
FN:120,(anonymous_8)
FN:136,(anonymous_9)
FNF:9
FNH:7
FNDA:5,(anonymous_1)
FNDA:8,(anonymous_2)
FNDA:1,(anonymous_3)
FNDA:1,(anonymous_4)
FNDA:0,(anonymous_5)
FNDA:1,(anonymous_6)
FNDA:0,(anonymous_7)
FNDA:1,(anonymous_8)
FNDA:5,(anonymous_9)
DA:37,1
DA:38,1
DA:39,1
DA:40,1
DA:56,5
DA:66,8
DA:72,1
DA:73,1
DA:74,1
DA:76,0
DA:77,0
DA:79,1
DA:83,1
DA:89,1
DA:95,0
DA:99,0
DA:103,1
DA:104,1
DA:105,1
DA:106,1
DA:108,1
DA:109,0
DA:110,0
DA:113,0
DA:114,0
DA:117,1
DA:121,1
DA:122,1
DA:123,1
DA:124,1
DA:126,1
DA:127,1
DA:133,1
DA:137,5
LF:34
LH:26
BRDA:72,0,0,1
BRDA:72,0,1,0
BRDA:95,1,0,0
BRDA:95,1,1,0
BRDA:105,2,0,1
BRDA:105,2,1,0
BRDA:108,3,0,0
BRDA:108,3,1,1
BRDA:114,4,0,0
BRDA:114,4,1,0
BRDA:123,5,0,1
BRDA:123,5,1,0
BRF:12
BRH:4
end_of_record
